<?xml version="1.0" encoding="UTF-8"?>
<!-- Generated by org.testng.reporters.JUnitXMLReporter -->
<testsuite ignored="0" hostname="LAPTOP-0KCN5936" failures="0" tests="10" name="Default test" time="5.082" errors="0" timestamp="27 Nov 2022 07:29:22 GMT">
  <testcase classname="org.pageexe.Sample2" name="novbatch" time="1.013"/>
  <testcase classname="org.pageexe.Sample2" name="novbatch" time="1.013"/>
  <testcase classname="org.pageexe.Sample2" name="novbatch" time="1.004"/>
  <testcase classname="org.pageexe.Sample2" name="novbatch" time="1.01"/>
  <testcase classname="org.pageexe.Sample2" name="novbatch" time="1.004"/>
  <testcase classname="org.pageexe.Sample2" name="novbatch" time="1.01"/>
  <testcase classname="org.pageexe.Sample2" name="novbatch" time="1.006"/>
  <testcase classname="org.pageexe.Sample2" name="novbatch" time="1.01"/>
  <testcase classname="org.pageexe.Sample2" name="novbatch" time="1.01"/>
  <testcase classname="org.pageexe.Sample2" name="novbatch" time="1.01"/>
</testsuite> <!-- Default test -->
