<?xml version="1.0" encoding="UTF-8"?>
<!-- Generated by org.testng.reporters.JUnitXMLReporter -->
<testsuite ignored="2" hostname="LAPTOP-0KCN5936" failures="0" tests="2" name="Test" time="0.06" errors="0" timestamp="27 Nov 2022 07:36:58 GMT">
  <testcase classname="org.pageexe.groupexample" name="Ind" time="0.017"/>
  <testcase classname="org.pageexe.groupexample" name="Pak" time="0.002"/>
  <testcase classname="org.pageexe.groupexample" name="SL" time="0.0">
    <ignored/>
  </testcase> <!-- SL -->
  <testcase classname="org.pageexe.groupexample" name="Aus" time="0.0">
    <ignored/>
  </testcase> <!-- Aus -->
</testsuite> <!-- Test -->
