<?xml version="1.0" encoding="UTF-8"?>
<testng-results ignored="2" total="4" passed="2" failed="0" skipped="0">
  <reporter-output>
  </reporter-output>
  <suite started-at="2022-11-27T07:36:58Z" name="Suite" finished-at="2022-11-27T07:36:58Z" duration-ms="60">
    <groups>
      <group name="GroupA">
        <method signature="groupexample.Ind()[pri:0, instance:org.pageexe.groupexample@176b75f7]" name="Ind" class="org.pageexe.groupexample"/>
        <method signature="groupexample.Pak()[pri:0, instance:org.pageexe.groupexample@176b75f7]" name="Pak" class="org.pageexe.groupexample"/>
      </group> <!-- GroupA -->
    </groups>
    <test started-at="2022-11-27T07:36:58Z" name="Test" finished-at="2022-11-27T07:36:58Z" duration-ms="60">
      <class name="org.pageexe.groupexample">
        <test-method signature="Ind()[pri:0, instance:org.pageexe.groupexample@176b75f7]" started-at="2022-11-27T07:36:58Z" name="Ind" finished-at="2022-11-27T07:36:58Z" duration-ms="17" status="PASS">
          <reporter-output>
          </reporter-output>
        </test-method> <!-- Ind -->
        <test-method signature="Pak()[pri:0, instance:org.pageexe.groupexample@176b75f7]" started-at="2022-11-27T07:36:58Z" name="Pak" finished-at="2022-11-27T07:36:58Z" duration-ms="2" status="PASS">
          <reporter-output>
          </reporter-output>
        </test-method> <!-- Pak -->
      </class> <!-- org.pageexe.groupexample -->
    </test> <!-- Test -->
  </suite> <!-- Suite -->
</testng-results>
